FMOD: OutputWASAPI::enumerate        : Enumerating...
FMOD: OutputWASAPI::enumerate        : Initialise COM library.
FMOD: OutputWASAPI::enumerate        : Found Driver: "Realtek Digital Output(Optical) (Realtek High Definition Audio)".
FMOD: OutputWASAPI::enumerate        : Found Driver: "8=0<8:8 (Realtek High Definition Audio)".
FMOD: OutputWASAPI::enumerate        : Found Driver: "8=0<8:8 (AnvSoft Virtual Sound Device)".
FMOD: OutputWASAPI::enumerate        : Found Driver: "Realtek Digital Output (Realtek High Definition Audio)".
FMOD: OutputWASAPI::enumerate        : Found Driver: "8:@>D>= (Realtek High Definition Audio)".
FMOD: OutputWASAPI::enumerate        : Found Driver: "8:@>D>= (AnvSoft Virtual Sound Device)".
FMOD: OutputWASAPI::enumerate        : Done.
FMOD: SystemI::init                  : FMOD Ex Version: 00044206
FMOD: SystemI::init                  : maxchannels = 100, flags = 00000000, extradriverdata = 00000000
FMOD: SystemI::close                 : 
FMOD: SystemI::close                 : Stop all sounds
FMOD: SystemI::close                 : Shut down output.
FMOD: OutputWASAPI::close            : Closing...
FMOD: OutputWASAPI::close            : Done.
FMOD: SystemI::close                 : Remove miscllaneous DSP stuff.
FMOD: SystemI::close                 : done.

FMOD: OutputWASAPI::enumerate        : Enumerating...
FMOD: OutputWASAPI::enumerate        : Initialise COM library.
FMOD: OutputWASAPI::enumerate        : Found Driver: "Realtek Digital Output(Optical) (Realtek High Definition Audio)".
FMOD: OutputWASAPI::enumerate        : Found Driver: "8=0<8:8 (Realtek High Definition Audio)".
FMOD: OutputWASAPI::enumerate        : Found Driver: "8=0<8:8 (AnvSoft Virtual Sound Device)".
FMOD: OutputWASAPI::enumerate        : Found Driver: "Realtek Digital Output (Realtek High Definition Audio)".
FMOD: OutputWASAPI::enumerate        : Found Driver: "8:@>D>= (Realtek High Definition Audio)".
FMOD: OutputWASAPI::enumerate        : Found Driver: "8:@>D>= (AnvSoft Virtual Sound Device)".
FMOD: OutputWASAPI::enumerate        : Done.
FMOD: OutputWASAPI::initEx           : Initialising...
FMOD: OutputWASAPI::initEx           : Done.
FMOD: SystemI::init                  : Set up software engine
FMOD: Thread::initThread             : Initializing FMOD (WASAPI) feeder thread.  priority 0
FMOD: Thread::initThread             : - Stacksize 0.  Stack pointer 00000000 : usesemaphore = 0 : sleeptime = 0
FMOD: Thread::callback               : * FMOD (WASAPI) feeder thread started
FMOD: Thread::initThread             : done.
FMOD: OutputWASAPI::feederUpdate     : WASAPI feeder thread set to 'Audio' characteristic
FMOD: Thread::initThread             : Initializing FMOD mixer thread.  priority 2
FMOD: Thread::initThread             : - Stacksize 0.  Stack pointer 00000000 : usesemaphore = 1 : sleeptime = 0
FMOD: Thread::callback               : * FMOD mixer thread started
FMOD: Thread::initThread             : done.
FMOD: SystemI::init                  : Set up emulated output
FMOD: SystemI::init                  : create the channel pool
FMOD: SystemI::init                  : Set up streamer
FMOD: Thread::initThread             : Initializing FMOD stream thread.  priority 2
FMOD: Thread::initThread             : - Stacksize 49152.  Stack pointer 00000000 : usesemaphore = 0 : sleeptime = 10
FMOD: Thread::callback               : * FMOD stream thread started
FMOD: Thread::initThread             : done.
FMOD: SystemI::init                  : done

FMOD: SystemI::createSoundInternal   : filename =  : mode 00000442
FMOD: SystemI::createSoundInternal   : exinfo->cbsize             = 136
FMOD: SystemI::createSoundInternal   : exinfo->length             = 528000
FMOD: SystemI::createSoundInternal   : exinfo->numchannels        = 2
FMOD: SystemI::createSoundInternal   : exinfo->defaultfrequency   = 44100
FMOD: SystemI::createSoundInternal   : exinfo->format             = 5
FMOD: SystemI::createSoundInternal   : 21 codecs found.  Scan all until one succeeds
FMOD: CodecUser::openInternal        : attempting to open user codec..
FMOD: CodecUser::openInternal        : Done.  format = 5, channels 2, frequency 44100, lengthpcm 66000, blockalign 8.
FMOD: SystemI::createSoundInternal   : Format has 0 subsounds.
FMOD: SystemI::createSoundInternal   : Create as FMOD_CREATESAMPLE
FMOD: SystemI::createSoundInternal   : creating subsound 0/0
FMOD: SystemI::createSample          : mode 00000442 length 66000 samples, lengthbytes 0
FMOD: SystemI::createSample          : subsamples = 1, channels = 2
FMOD: SystemI::createSample          : subsample 0.  output = 005DE2A8
FMOD: SystemI::createSample          : mSoftware = 005DE2A8
FMOD: OutputSoftware::createSample   : lengthpcm 66000, lengthbytes 0, channels 2, format 5, freq 44100, mode 0000044a
FMOD: OutputSoftware::createSample   : done
FMOD: SystemI::createSample          : done
FMOD: SystemI::createSoundInternal   : No name found in file, use filename.
FMOD: SystemI::createSoundInternal   : done.  OpenState now = FMOD_OPENSTATE_READY.

FMOD: SoundI::release                :  (079AE248)
FMOD: SoundI::release                : release codec. (079AE248)
FMOD: Codec::release                 : 
FMOD: Plugin::release                : (079872C8)
FMOD: Plugin::release                : done
FMOD: Codec::release                 : done
FMOD: SoundI::release                : free this. (079AE248)
FMOD: SoundI::release                : done (079AE248)
FMOD: SystemI::close                 : 
FMOD: SystemI::close                 : Stop all sounds
FMOD: Thread::callback               : * FMOD stream thread finished
FMOD: Thread::close                  : FMOD stream thread thread destroyed
FMOD: SystemI::close                 : Stream thread destroyed
FMOD: Global::decRef                 : Shut down streamer and FMOD_NONBLOCKING and FileSystem thread.
FMOD: Global::decRef                 : Shut down profiler.
FMOD: Global::decRef                 : Shut down file system.
FMOD: SystemI::close                 : Free master channel group.
FMOD: SystemI::close                 : Remove 'master' sound group.
FMOD: SystemI::close                 : Shut down output.
FMOD: Thread::callback               : * FMOD (WASAPI) feeder thread finished
FMOD: Thread::close                  : FMOD (WASAPI) feeder thread thread destroyed
FMOD: Thread::callback               : * FMOD mixer thread finished
FMOD: Thread::close                  : FMOD mixer thread thread destroyed
FMOD: OutputWASAPI::close            : Closing...
FMOD: OutputWASAPI::close            : Done.
FMOD: SystemI::close                 : Free software output.
FMOD: SystemI::close                 : Free emulated output.
FMOD: SystemI::close                 : Free channel pool.
FMOD: SystemI::close                 : Remove DSP Soundcard unit.
FMOD: SystemI::close                 : Remove miscllaneous DSP stuff.
FMOD: SystemI::close                 : done.

